[    1684ms] [INFO] %cDownload the React DevTools for a better development experience: https://react.dev/link/react-devtools font-weight:bold @ http://localhost:3000/_next/static/chunks/node_modules_next_dist_115brz8._.js:2431
[    2020ms] [LOG] [HMR] connected @ http://localhost:3000/_next/static/chunks/node_modules_next_dist_115brz8._.js:2431
[  106114ms] [LOG] [Fast Refresh] rebuilding @ http://localhost:3000/_next/static/chunks/node_modules_next_dist_115brz8._.js:2431
[  106142ms] [LOG] [Fast Refresh] done in 136ms @ http://localhost:3000/_next/static/chunks/node_modules_next_dist_115brz8._.js:2431
[  106915ms] [LOG] [Fast Refresh] rebuilding @ http://localhost:3000/_next/static/chunks/node_modules_next_dist_115brz8._.js:2431
[  106923ms] [LOG] [Fast Refresh] done in 111ms @ http://localhost:3000/_next/static/chunks/node_modules_next_dist_115brz8._.js:2431
[  109436ms] [LOG] [Fast Refresh] rebuilding @ http://localhost:3000/_next/static/chunks/node_modules_next_dist_115brz8._.js:2431
[  109513ms] [LOG] [Fast Refresh] done in 190ms @ http://localhost:3000/_next/static/chunks/node_modules_next_dist_115brz8._.js:2431
[  145770ms] [WARNING] Detected `scroll-behavior: smooth` on the `<html>` element. To disable smooth scrolling during route transitions, add `data-scroll-behavior="smooth"` to your <html> element. Learn more: https://nextjs.org/docs/messages/missing-data-scroll-behavior @ http://localhost:3000/_next/static/chunks/node_modules_next_dist_115brz8._.js:2431
[  255008ms] [LOG] [Fast Refresh] rebuilding @ http://localhost:3000/_next/static/chunks/node_modules_next_dist_115brz8._.js:2431
[  257352ms] [ERROR] ./src/app/services/page.tsx:67:17
Expected '</', got 'jsx text'
  65 |               variant="light"
  66 |               Compare Services
> 67 |           </div>
     |                 ^^^^^^^^^^^^^^^^^^^^^^^^^^^^^^^^^^^^^^^^^^^^^^^^^^^^^^^^^^^^^^^^^^^^^^^^^^^^^^^^^^^^^^^^^^^^^^^^^^^^^^^^^^^^^^^^
> 68 |         </Container>
     | ^^^^^^^^
  69 |       </Section>
  70 |
  71 |       {/* Service Cards */}

Parsing ecmascript source code failed @ http://localhost:3000/_next/static/chunks/node_modules_next_dist_115brz8._.js:3272
[  257353ms] [ERROR] ./src/app/portfolio/page.tsx:135:19
Expected '</', got 'ident'
  133 |                 </LinkButton>
  134 |               </Card>
> 135 |                   variant="light"
      |                   ^^^^^^^
  136 |             ))}
  137 |         </Container>
  138 |       </Section>

Parsing ecmascript source code failed @ http://localhost:3000/_next/static/chunks/node_modules_next_dist_115brz8._.js:3272
[  257353ms] [ERROR] ./src/app/about/page.tsx:98:19
Expected '</', got 'jsx text'
   96 |                 variant="light"
   97 |                 Explore Our Process
>  98 |             </div>
      |                   ^^^^^^^^^^^^^^^^^^^^^^^^^^^^^^^^^^^^^^^^^^^^^^^^^^^^^^^^^^^^^^^^^^^^^^^^^^^^^^^^^^^^^^^^^^^^^^^^^^^^^^^^^^^^^
>  99 |           </div>
      | ^^^^^^^^^^
  100 |         </Container>
  101 |       </Section>
  102 |

Parsing ecmascript source code failed @ http://localhost:3000/_next/static/chunks/node_modules_next_dist_115brz8._.js:3272
[  257617ms] [LOG] [Fast Refresh] rebuilding @ http://localhost:3000/_next/static/chunks/node_modules_next_dist_115brz8._.js:2431
[  260818ms] [ERROR] ./src/app/services/page.tsx:67:17
Expected '</', got 'jsx text'
  65 |               variant="light"
  66 |               Compare Services
> 67 |           </div>
     |                 ^^^^^^^^^^^^^^^^^^^^^^^^^^^^^^^^^^^^^^^^^^^^^^^^^^^^^^^^^^^^^^^^^^^^^^^^^^^^^^^^^^^^^^^^^^^^^^^^^^^^^^^^^^^^^^^^
> 68 |         </Container>
     | ^^^^^^^^
  69 |       </Section>
  70 |
  71 |       {/* Service Cards */}

Parsing ecmascript source code failed @ http://localhost:3000/_next/static/chunks/node_modules_next_dist_115brz8._.js:3272
[  260818ms] [ERROR] ./src/app/portfolio/page.tsx:135:19
Expected '</', got 'ident'
  133 |                 </LinkButton>
  134 |               </Card>
> 135 |                   variant="light"
      |                   ^^^^^^^
  136 |             ))}
  137 |         </Container>
  138 |       </Section>

Parsing ecmascript source code failed @ http://localhost:3000/_next/static/chunks/node_modules_next_dist_115brz8._.js:3272
[  260819ms] [ERROR] ./src/app/about/page.tsx:98:19
Expected '</', got 'jsx text'
   96 |                 variant="light"
   97 |                 Explore Our Process
>  98 |             </div>
      |                   ^^^^^^^^^^^^^^^^^^^^^^^^^^^^^^^^^^^^^^^^^^^^^^^^^^^^^^^^^^^^^^^^^^^^^^^^^^^^^^^^^^^^^^^^^^^^^^^^^^^^^^^^^^^^^
>  99 |           </div>
      | ^^^^^^^^^^
  100 |         </Container>
  101 |       </Section>
  102 |

Parsing ecmascript source code failed @ http://localhost:3000/_next/static/chunks/node_modules_next_dist_115brz8._.js:3272
[  260921ms] [LOG] [Fast Refresh] rebuilding @ http://localhost:3000/_next/static/chunks/node_modules_next_dist_115brz8._.js:2431
[  265034ms] [ERROR] ./src/app/services/page.tsx:67:17
Expected '</', got 'jsx text'
  65 |               variant="light"
  66 |               Compare Services
> 67 |           </div>
     |                 ^^^^^^^^^^^^^^^^^^^^^^^^^^^^^^^^^^^^^^^^^^^^^^^^^^^^^^^^^^^^^^^^^^^^^^^^^^^^^^^^^^^^^^^^^^^^^^^^^^^^^^^^^^^^^^^^
> 68 |         </Container>
     | ^^^^^^^^
  69 |       </Section>
  70 |
  71 |       {/* Service Cards */}

Parsing ecmascript source code failed @ http://localhost:3000/_next/static/chunks/node_modules_next_dist_115brz8._.js:3272
[  265034ms] [ERROR] ./src/app/portfolio/page.tsx:135:19
Expected '</', got 'ident'
  133 |                 </LinkButton>
  134 |               </Card>
> 135 |                   variant="light"
      |                   ^^^^^^^
  136 |             ))}
  137 |         </Container>
  138 |       </Section>

Parsing ecmascript source code failed @ http://localhost:3000/_next/static/chunks/node_modules_next_dist_115brz8._.js:3272
[  265070ms] [ERROR] ./src/app/about/page.tsx:98:19
Expected '</', got 'jsx text'
   96 |                 variant="light"
   97 |                 Explore Our Process
>  98 |             </div>
      |                   ^^^^^^^^^^^^^^^^^^^^^^^^^^^^^^^^^^^^^^^^^^^^^^^^^^^^^^^^^^^^^^^^^^^^^^^^^^^^^^^^^^^^^^^^^^^^^^^^^^^^^^^^^^^^^
>  99 |           </div>
      | ^^^^^^^^^^
  100 |         </Container>
  101 |       </Section>
  102 |

Parsing ecmascript source code failed @ http://localhost:3000/_next/static/chunks/node_modules_next_dist_115brz8._.js:3272
[  265091ms] [ERROR] Failed to load resource: the server responded with a status of 500 (Internal Server Error) @ http://localhost:3000/about?_rsc=12rxd:0
[  265449ms] [ERROR] Failed to load resource: the server responded with a status of 500 (Internal Server Error) @ http://localhost:3000/about?_rsc=12rxd:0
[  265492ms] [ERROR] ./src/app/services/page.tsx:67:17
Expected '</', got 'jsx text'
  65 |               variant="light"
  66 |               Compare Services
> 67 |           </div>
     |                 ^^^^^^^^^^^^^^^^^^^^^^^^^^^^^^^^^^^^^^^^^^^^^^^^^^^^^^^^^^^^^^^^^^^^^^^^^^^^^^^^^^^^^^^^^^^^^^^^^^^^^^^^^^^^^^^^
> 68 |         </Container>
     | ^^^^^^^^
  69 |       </Section>
  70 |
  71 |       {/* Service Cards */}

Parsing ecmascript source code failed @ http://localhost:3000/_next/static/chunks/node_modules_next_dist_115brz8._.js:3272
[  265494ms] [ERROR] ./src/app/portfolio/page.tsx:135:19
Expected '</', got 'ident'
  133 |                 </LinkButton>
  134 |               </Card>
> 135 |                   variant="light"
      |                   ^^^^^^^
  136 |             ))}
  137 |         </Container>
  138 |       </Section>

Parsing ecmascript source code failed @ http://localhost:3000/_next/static/chunks/node_modules_next_dist_115brz8._.js:3272
[  265500ms] [ERROR] ./src/app/about/page.tsx:98:19
Expected '</', got 'jsx text'
   96 |                 variant="light"
   97 |                 Explore Our Process
>  98 |             </div>
      |                   ^^^^^^^^^^^^^^^^^^^^^^^^^^^^^^^^^^^^^^^^^^^^^^^^^^^^^^^^^^^^^^^^^^^^^^^^^^^^^^^^^^^^^^^^^^^^^^^^^^^^^^^^^^^^^
>  99 |           </div>
      | ^^^^^^^^^^
  100 |         </Container>
  101 |       </Section>
  102 |

Parsing ecmascript source code failed @ http://localhost:3000/_next/static/chunks/node_modules_next_dist_115brz8._.js:3272
[  265506ms] [ERROR] ./src/app/services/page.tsx:67:17
Expected '</', got 'jsx text'
  65 |               variant="light"
  66 |               Compare Services
> 67 |           </div>
     |                 ^^^^^^^^^^^^^^^^^^^^^^^^^^^^^^^^^^^^^^^^^^^^^^^^^^^^^^^^^^^^^^^^^^^^^^^^^^^^^^^^^^^^^^^^^^^^^^^^^^^^^^^^^^^^^^^^
> 68 |         </Container>
     | ^^^^^^^^
  69 |       </Section>
  70 |
  71 |       {/* Service Cards */}

Parsing ecmascript source code failed @ http://localhost:3000/_next/static/chunks/node_modules_next_dist_115brz8._.js:3272
[  265507ms] [ERROR] ./src/app/portfolio/page.tsx:135:19
Expected '</', got 'ident'
  133 |                 </LinkButton>
  134 |               </Card>
> 135 |                   variant="light"
      |                   ^^^^^^^
  136 |             ))}
  137 |         </Container>
  138 |       </Section>

Parsing ecmascript source code failed @ http://localhost:3000/_next/static/chunks/node_modules_next_dist_115brz8._.js:3272
[  265509ms] [ERROR] ./src/app/about/page.tsx:98:19
Expected '</', got 'jsx text'
   96 |                 variant="light"
   97 |                 Explore Our Process
>  98 |             </div>
      |                   ^^^^^^^^^^^^^^^^^^^^^^^^^^^^^^^^^^^^^^^^^^^^^^^^^^^^^^^^^^^^^^^^^^^^^^^^^^^^^^^^^^^^^^^^^^^^^^^^^^^^^^^^^^^^^
>  99 |           </div>
      | ^^^^^^^^^^
  100 |         </Container>
  101 |       </Section>
  102 |

Parsing ecmascript source code failed @ http://localhost:3000/_next/static/chunks/node_modules_next_dist_115brz8._.js:3272
[  265523ms] [ERROR] ./src/app/services/page.tsx:67:17
Expected '</', got 'jsx text'
  65 |               variant="light"
  66 |               Compare Services
> 67 |           </div>
     |                 ^^^^^^^^^^^^^^^^^^^^^^^^^^^^^^^^^^^^^^^^^^^^^^^^^^^^^^^^^^^^^^^^^^^^^^^^^^^^^^^^^^^^^^^^^^^^^^^^^^^^^^^^^^^^^^^^
> 68 |         </Container>
     | ^^^^^^^^
  69 |       </Section>
  70 |
  71 |       {/* Service Cards */}

Parsing ecmascript source code failed @ http://localhost:3000/_next/static/chunks/node_modules_next_dist_115brz8._.js:3272
[  265525ms] [ERROR] ./src/app/portfolio/page.tsx:135:19
Expected '</', got 'ident'
  133 |                 </LinkButton>
  134 |               </Card>
> 135 |                   variant="light"
      |                   ^^^^^^^
  136 |             ))}
  137 |         </Container>
  138 |       </Section>

Parsing ecmascript source code failed @ http://localhost:3000/_next/static/chunks/node_modules_next_dist_115brz8._.js:3272
[  265526ms] [ERROR] ./src/app/about/page.tsx:98:19
Expected '</', got 'jsx text'
   96 |                 variant="light"
   97 |                 Explore Our Process
>  98 |             </div>
      |                   ^^^^^^^^^^^^^^^^^^^^^^^^^^^^^^^^^^^^^^^^^^^^^^^^^^^^^^^^^^^^^^^^^^^^^^^^^^^^^^^^^^^^^^^^^^^^^^^^^^^^^^^^^^^^^
>  99 |           </div>
      | ^^^^^^^^^^
  100 |         </Container>
  101 |       </Section>
  102 |

Parsing ecmascript source code failed @ http://localhost:3000/_next/static/chunks/node_modules_next_dist_115brz8._.js:3272
[  265543ms] [ERROR] ./src/app/services/page.tsx:67:17
Expected '</', got 'jsx text'
  65 |               variant="light"
  66 |               Compare Services
> 67 |           </div>
     |                 ^^^^^^^^^^^^^^^^^^^^^^^^^^^^^^^^^^^^^^^^^^^^^^^^^^^^^^^^^^^^^^^^^^^^^^^^^^^^^^^^^^^^^^^^^^^^^^^^^^^^^^^^^^^^^^^^
> 68 |         </Container>
     | ^^^^^^^^
  69 |       </Section>
  70 |
  71 |       {/* Service Cards */}

Parsing ecmascript source code failed @ http://localhost:3000/_next/static/chunks/node_modules_next_dist_115brz8._.js:3272
[  265545ms] [ERROR] ./src/app/portfolio/page.tsx:135:19
Expected '</', got 'ident'
  133 |                 </LinkButton>
  134 |               </Card>
> 135 |                   variant="light"
      |                   ^^^^^^^
  136 |             ))}
  137 |         </Container>
  138 |       </Section>

Parsing ecmascript source code failed @ http://localhost:3000/_next/static/chunks/node_modules_next_dist_115brz8._.js:3272
[  265546ms] [ERROR] ./src/app/about/page.tsx:98:19
Expected '</', got 'jsx text'
   96 |                 variant="light"
   97 |                 Explore Our Process
>  98 |             </div>
      |                   ^^^^^^^^^^^^^^^^^^^^^^^^^^^^^^^^^^^^^^^^^^^^^^^^^^^^^^^^^^^^^^^^^^^^^^^^^^^^^^^^^^^^^^^^^^^^^^^^^^^^^^^^^^^^^
>  99 |           </div>
      | ^^^^^^^^^^
  100 |         </Container>
  101 |       </Section>
  102 |

Parsing ecmascript source code failed @ http://localhost:3000/_next/static/chunks/node_modules_next_dist_115brz8._.js:3272
[  265571ms] [ERROR] ./src/app/services/page.tsx:67:17
Expected '</', got 'jsx text'
  65 |               variant="light"
  66 |               Compare Services
> 67 |           </div>
     |                 ^^^^^^^^^^^^^^^^^^^^^^^^^^^^^^^^^^^^^^^^^^^^^^^^^^^^^^^^^^^^^^^^^^^^^^^^^^^^^^^^^^^^^^^^^^^^^^^^^^^^^^^^^^^^^^^^
> 68 |         </Container>
     | ^^^^^^^^
  69 |       </Section>
  70 |
  71 |       {/* Service Cards */}

Parsing ecmascript source code failed @ http://localhost:3000/_next/static/chunks/node_modules_next_dist_115brz8._.js:3272
[  265572ms] [ERROR] ./src/app/portfolio/page.tsx:135:19
Expected '</', got 'ident'
  133 |                 </LinkButton>
  134 |               </Card>
> 135 |                   variant="light"
      |                   ^^^^^^^
  136 |             ))}
  137 |         </Container>
  138 |       </Section>

Parsing ecmascript source code failed @ http://localhost:3000/_next/static/chunks/node_modules_next_dist_115brz8._.js:3272
[  265573ms] [ERROR] ./src/app/about/page.tsx:98:19
Expected '</', got 'jsx text'
   96 |                 variant="light"
   97 |                 Explore Our Process
>  98 |             </div>
      |                   ^^^^^^^^^^^^^^^^^^^^^^^^^^^^^^^^^^^^^^^^^^^^^^^^^^^^^^^^^^^^^^^^^^^^^^^^^^^^^^^^^^^^^^^^^^^^^^^^^^^^^^^^^^^^^
>  99 |           </div>
      | ^^^^^^^^^^
  100 |         </Container>
  101 |       </Section>
  102 |

Parsing ecmascript source code failed @ http://localhost:3000/_next/static/chunks/node_modules_next_dist_115brz8._.js:3272
[  265603ms] [ERROR] Failed to load resource: the server responded with a status of 500 (Internal Server Error) @ http://localhost:3000/about?_rsc=12rxd:0
[  265668ms] [ERROR] ./src/app/services/page.tsx:67:17
Expected '</', got 'jsx text'
  65 |               variant="light"
  66 |               Compare Services
> 67 |           </div>
     |                 ^^^^^^^^^^^^^^^^^^^^^^^^^^^^^^^^^^^^^^^^^^^^^^^^^^^^^^^^^^^^^^^^^^^^^^^^^^^^^^^^^^^^^^^^^^^^^^^^^^^^^^^^^^^^^^^^
> 68 |         </Container>
     | ^^^^^^^^
  69 |       </Section>
  70 |
  71 |       {/* Service Cards */}

Parsing ecmascript source code failed @ http://localhost:3000/_next/static/chunks/node_modules_next_dist_115brz8._.js:3272
[  265671ms] [ERROR] ./src/app/portfolio/page.tsx:135:19
Expected '</', got 'ident'
  133 |                 </LinkButton>
  134 |               </Card>
> 135 |                   variant="light"
      |                   ^^^^^^^
  136 |             ))}
  137 |         </Container>
  138 |       </Section>

Parsing ecmascript source code failed @ http://localhost:3000/_next/static/chunks/node_modules_next_dist_115brz8._.js:3272
[  265673ms] [ERROR] ./src/app/about/page.tsx:98:19
Expected '</', got 'jsx text'
   96 |                 variant="light"
   97 |                 Explore Our Process
>  98 |             </div>
      |                   ^^^^^^^^^^^^^^^^^^^^^^^^^^^^^^^^^^^^^^^^^^^^^^^^^^^^^^^^^^^^^^^^^^^^^^^^^^^^^^^^^^^^^^^^^^^^^^^^^^^^^^^^^^^^^
>  99 |           </div>
      | ^^^^^^^^^^
  100 |         </Container>
  101 |       </Section>
  102 |

Parsing ecmascript source code failed @ http://localhost:3000/_next/static/chunks/node_modules_next_dist_115brz8._.js:3272
[  265683ms] [ERROR] ./src/app/services/page.tsx:67:17
Expected '</', got 'jsx text'
  65 |               variant="light"
  66 |               Compare Services
> 67 |           </div>
     |                 ^^^^^^^^^^^^^^^^^^^^^^^^^^^^^^^^^^^^^^^^^^^^^^^^^^^^^^^^^^^^^^^^^^^^^^^^^^^^^^^^^^^^^^^^^^^^^^^^^^^^^^^^^^^^^^^^
> 68 |         </Container>
     | ^^^^^^^^
  69 |       </Section>
  70 |
  71 |       {/* Service Cards */}

Parsing ecmascript source code failed @ http://localhost:3000/_next/static/chunks/node_modules_next_dist_115brz8._.js:3272
[  265684ms] [ERROR] ./src/app/portfolio/page.tsx:135:19
Expected '</', got 'ident'
  133 |                 </LinkButton>
  134 |               </Card>
> 135 |                   variant="light"
      |                   ^^^^^^^
  136 |             ))}
  137 |         </Container>
  138 |       </Section>

Parsing ecmascript source code failed @ http://localhost:3000/_next/static/chunks/node_modules_next_dist_115brz8._.js:3272
[  265685ms] [ERROR] ./src/app/about/page.tsx:98:19
Expected '</', got 'jsx text'
   96 |                 variant="light"
   97 |                 Explore Our Process
>  98 |             </div>
      |                   ^^^^^^^^^^^^^^^^^^^^^^^^^^^^^^^^^^^^^^^^^^^^^^^^^^^^^^^^^^^^^^^^^^^^^^^^^^^^^^^^^^^^^^^^^^^^^^^^^^^^^^^^^^^^^
>  99 |           </div>
      | ^^^^^^^^^^
  100 |         </Container>
  101 |       </Section>
  102 |

Parsing ecmascript source code failed @ http://localhost:3000/_next/static/chunks/node_modules_next_dist_115brz8._.js:3272
[  265817ms] [LOG] [Fast Refresh] rebuilding @ http://localhost:3000/_next/static/chunks/node_modules_next_dist_115brz8._.js:2431
[  265847ms] [ERROR] ./src/app/services/page.tsx:67:17
Expected '</', got 'jsx text'
  65 |               variant="light"
  66 |               Compare Services
> 67 |           </div>
     |                 ^^^^^^^^^^^^^^^^^^^^^^^^^^^^^^^^^^^^^^^^^^^^^^^^^^^^^^^^^^^^^^^^^^^^^^^^^^^^^^^^^^^^^^^^^^^^^^^^^^^^^^^^^^^^^^^^
> 68 |         </Container>
     | ^^^^^^^^
  69 |       </Section>
  70 |
  71 |       {/* Service Cards */}

Parsing ecmascript source code failed @ http://localhost:3000/_next/static/chunks/node_modules_next_dist_115brz8._.js:3272
[  265850ms] [ERROR] ./src/app/portfolio/page.tsx:135:19
Expected '</', got 'ident'
  133 |                 </LinkButton>
  134 |               </Card>
> 135 |                   variant="light"
      |                   ^^^^^^^
  136 |             ))}
  137 |         </Container>
  138 |       </Section>

Parsing ecmascript source code failed @ http://localhost:3000/_next/static/chunks/node_modules_next_dist_115brz8._.js:3272
[  265851ms] [ERROR] ./src/app/about/page.tsx:98:19
Expected '</', got 'jsx text'
   96 |                 variant="light"
   97 |                 Explore Our Process
>  98 |             </div>
      |                   ^^^^^^^^^^^^^^^^^^^^^^^^^^^^^^^^^^^^^^^^^^^^^^^^^^^^^^^^^^^^^^^^^^^^^^^^^^^^^^^^^^^^^^^^^^^^^^^^^^^^^^^^^^^^^
>  99 |           </div>
      | ^^^^^^^^^^
  100 |         </Container>
  101 |       </Section>
  102 |

Parsing ecmascript source code failed @ http://localhost:3000/_next/static/chunks/node_modules_next_dist_115brz8._.js:3272
[  266268ms] [LOG] [Fast Refresh] rebuilding @ http://localhost:3000/_next/static/chunks/node_modules_next_dist_115brz8._.js:2431
[  266560ms] [ERROR] Failed to load resource: the server responded with a status of 500 (Internal Server Error) @ http://localhost:3000/about?_rsc=12rxd:0
[  266667ms] [ERROR] Failed to load resource: the server responded with a status of 500 (Internal Server Error) @ http://localhost:3000/about:0
[  268342ms] [INFO] %cDownload the React DevTools for a better development experience: https://react.dev/link/react-devtools font-weight:bold @ http://localhost:3000/_next/static/chunks/node_modules_react-dom_0bruynb._.js:15305
[  269435ms] Error: ./src/app/services/page.tsx:67:17
Expected '</', got 'jsx text'
  65 |               variant="light"
  66 |               Compare Services
> 67 |           </div>
     |                 ^^^^^^^^^^^^^^^^^^^^^^^^^^^^^^^^^^^^^^^^^^^^^^^^^^^^^^^^^^^^^^^^^^^^^^^^^^^^^^^^^^^^^^^^^^^^^^^^^^^^^^^^^^^^^^^^
> 68 |         </Container>
     | ^^^^^^^^
  69 |       </Section>
  70 |
  71 |       {/* Service Cards */}

Parsing ecmascript source code failed


    at <unknown> (Error: ./src/app/services/page.tsx:67:17)
    at Object.getCompilationErrors (file://F:\PROJECTS\Agency\web\node_modules\next\dist\server\dev\hot-reloader-turbopack.js:1186:59)
    at DevBundlerService.getCompilationError (file://F:\PROJECTS\Agency\web\node_modules\next\dist\server\lib\dev-bundler-service.js:44:55)
    at DevServer.getCompilationError (file://F:\PROJECTS\Agency\web\node_modules\next\dist\server\dev\next-dev-server.js:719:42)
    at DevServer.findPageComponents (file://F:\PROJECTS\Agency\web\node_modules\next\dist\server\dev\next-dev-server.js:689:43)
    at async DevServer.renderErrorToResponseImpl (file://F:\PROJECTS\Agency\web\node_modules\next\dist\server\base-server.js:1745:26)
[  269342ms] [LOG] [HMR] connected @ http://localhost:3000/_next/static/chunks/node_modules_next_dist_0u_w_5s._.js:1226
[  269614ms] [ERROR] ./src/app/services/page.tsx:67:17
Expected '</', got 'jsx text'
  65 |               variant="light"
  66 |               Compare Services
> 67 |           </div>
     |                 ^^^^^^^^^^^^^^^^^^^^^^^^^^^^^^^^^^^^^^^^^^^^^^^^^^^^^^^^^^^^^^^^^^^^^^^^^^^^^^^^^^^^^^^^^^^^^^^^^^^^^^^^^^^^^^^^
> 68 |         </Container>
     | ^^^^^^^^
  69 |       </Section>
  70 |
  71 |       {/* Service Cards */}

Parsing ecmascript source code failed @ http://localhost:3000/_next/static/chunks/node_modules_next_dist_0u_w_5s._.js:1945
[  269615ms] [ERROR] ./src/app/portfolio/page.tsx:135:19
Expected '</', got 'ident'
  133 |                 </LinkButton>
  134 |               </Card>
> 135 |                   variant="light"
      |                   ^^^^^^^
  136 |             ))}
  137 |         </Container>
  138 |       </Section>

Parsing ecmascript source code failed @ http://localhost:3000/_next/static/chunks/node_modules_next_dist_0u_w_5s._.js:1945
[  269619ms] [ERROR] ./src/app/about/page.tsx:98:19
Expected '</', got 'jsx text'
   96 |                 variant="light"
   97 |                 Explore Our Process
>  98 |             </div>
      |                   ^^^^^^^^^^^^^^^^^^^^^^^^^^^^^^^^^^^^^^^^^^^^^^^^^^^^^^^^^^^^^^^^^^^^^^^^^^^^^^^^^^^^^^^^^^^^^^^^^^^^^^^^^^^^^
>  99 |           </div>
      | ^^^^^^^^^^
  100 |         </Container>
  101 |       </Section>
  102 |

Parsing ecmascript source code failed @ http://localhost:3000/_next/static/chunks/node_modules_next_dist_0u_w_5s._.js:1945
[  269623ms] [ERROR] ./src/app/services/page.tsx:67:17
Expected '</', got 'jsx text'
  65 |               variant="light"
  66 |               Compare Services
> 67 |           </div>
     |                 ^^^^^^^^^^^^^^^^^^^^^^^^^^^^^^^^^^^^^^^^^^^^^^^^^^^^^^^^^^^^^^^^^^^^^^^^^^^^^^^^^^^^^^^^^^^^^^^^^^^^^^^^^^^^^^^^
> 68 |         </Container>
     | ^^^^^^^^
  69 |       </Section>
  70 |
  71 |       {/* Service Cards */}

Parsing ecmascript source code failed @ http://localhost:3000/_next/static/chunks/node_modules_next_dist_0u_w_5s._.js:1945
[  269623ms] [ERROR] ./src/app/portfolio/page.tsx:135:19
Expected '</', got 'ident'
  133 |                 </LinkButton>
  134 |               </Card>
> 135 |                   variant="light"
      |                   ^^^^^^^
  136 |             ))}
  137 |         </Container>
  138 |       </Section>

Parsing ecmascript source code failed @ http://localhost:3000/_next/static/chunks/node_modules_next_dist_0u_w_5s._.js:1945
[  269626ms] [ERROR] ./src/app/about/page.tsx:98:19
Expected '</', got 'jsx text'
   96 |                 variant="light"
   97 |                 Explore Our Process
>  98 |             </div>
      |                   ^^^^^^^^^^^^^^^^^^^^^^^^^^^^^^^^^^^^^^^^^^^^^^^^^^^^^^^^^^^^^^^^^^^^^^^^^^^^^^^^^^^^^^^^^^^^^^^^^^^^^^^^^^^^^
>  99 |           </div>
      | ^^^^^^^^^^
  100 |         </Container>
  101 |       </Section>
  102 |

Parsing ecmascript source code failed @ http://localhost:3000/_next/static/chunks/node_modules_next_dist_0u_w_5s._.js:1945
[  274097ms] [ERROR] ./src/app/services/page.tsx:67:17
Expected '</', got 'jsx text'
  65 |               variant="light"
  66 |               Compare Services
> 67 |           </div>
     |                 ^^^^^^^^^^^^^^^^^^^^^^^^^^^^^^^^^^^^^^^^^^^^^^^^^^^^^^^^^^^^^^^^^^^^^^^^^^^^^^^^^^^^^^^^^^^^^^^^^^^^^^^^^^^^^^^^
> 68 |         </Container>
     | ^^^^^^^^
  69 |       </Section>
  70 |
  71 |       {/* Service Cards */}

Parsing ecmascript source code failed @ http://localhost:3000/_next/static/chunks/node_modules_next_dist_0u_w_5s._.js:1945
[  274098ms] [ERROR] ./src/app/portfolio/page.tsx:135:19
Expected '</', got 'ident'
  133 |                 </LinkButton>
  134 |               </Card>
> 135 |                   variant="light"
      |                   ^^^^^^^
  136 |             ))}
  137 |         </Container>
  138 |       </Section>

Parsing ecmascript source code failed @ http://localhost:3000/_next/static/chunks/node_modules_next_dist_0u_w_5s._.js:1945
[  274098ms] [ERROR] ./src/app/about/page.tsx:98:19
Expected '</', got 'jsx text'
   96 |                 variant="light"
   97 |                 Explore Our Process
>  98 |             </div>
      |                   ^^^^^^^^^^^^^^^^^^^^^^^^^^^^^^^^^^^^^^^^^^^^^^^^^^^^^^^^^^^^^^^^^^^^^^^^^^^^^^^^^^^^^^^^^^^^^^^^^^^^^^^^^^^^^
>  99 |           </div>
      | ^^^^^^^^^^
  100 |         </Container>
  101 |       </Section>
  102 |

Parsing ecmascript source code failed @ http://localhost:3000/_next/static/chunks/node_modules_next_dist_0u_w_5s._.js:1945
[  274113ms] [ERROR] ./src/app/services/page.tsx:67:17
Expected '</', got 'jsx text'
  65 |               variant="light"
  66 |               Compare Services
> 67 |           </div>
     |                 ^^^^^^^^^^^^^^^^^^^^^^^^^^^^^^^^^^^^^^^^^^^^^^^^^^^^^^^^^^^^^^^^^^^^^^^^^^^^^^^^^^^^^^^^^^^^^^^^^^^^^^^^^^^^^^^^
> 68 |         </Container>
     | ^^^^^^^^
  69 |       </Section>
  70 |
  71 |       {/* Service Cards */}

Parsing ecmascript source code failed @ http://localhost:3000/_next/static/chunks/node_modules_next_dist_0u_w_5s._.js:1945
[  274114ms] [ERROR] ./src/app/portfolio/page.tsx:135:19
Expected '</', got 'ident'
  133 |                 </LinkButton>
  134 |               </Card>
> 135 |                   variant="light"
      |                   ^^^^^^^
  136 |             ))}
  137 |         </Container>
  138 |       </Section>

Parsing ecmascript source code failed @ http://localhost:3000/_next/static/chunks/node_modules_next_dist_0u_w_5s._.js:1945
[  274114ms] [ERROR] ./src/app/about/page.tsx:98:19
Expected '</', got 'jsx text'
   96 |                 variant="light"
   97 |                 Explore Our Process
>  98 |             </div>
      |                   ^^^^^^^^^^^^^^^^^^^^^^^^^^^^^^^^^^^^^^^^^^^^^^^^^^^^^^^^^^^^^^^^^^^^^^^^^^^^^^^^^^^^^^^^^^^^^^^^^^^^^^^^^^^^^
>  99 |           </div>
      | ^^^^^^^^^^
  100 |         </Container>
  101 |       </Section>
  102 |

Parsing ecmascript source code failed @ http://localhost:3000/_next/static/chunks/node_modules_next_dist_0u_w_5s._.js:1945
[  274118ms] [ERROR] ./src/app/services/page.tsx:67:17
Expected '</', got 'jsx text'
  65 |               variant="light"
  66 |               Compare Services
> 67 |           </div>
     |                 ^^^^^^^^^^^^^^^^^^^^^^^^^^^^^^^^^^^^^^^^^^^^^^^^^^^^^^^^^^^^^^^^^^^^^^^^^^^^^^^^^^^^^^^^^^^^^^^^^^^^^^^^^^^^^^^^
> 68 |         </Container>
     | ^^^^^^^^
  69 |       </Section>
  70 |
  71 |       {/* Service Cards */}

Parsing ecmascript source code failed @ http://localhost:3000/_next/static/chunks/node_modules_next_dist_0u_w_5s._.js:1945
[  274148ms] [ERROR] ./src/app/portfolio/page.tsx:135:19
Expected '</', got 'ident'
  133 |                 </LinkButton>
  134 |               </Card>
> 135 |                   variant="light"
      |                   ^^^^^^^
  136 |             ))}
  137 |         </Container>
  138 |       </Section>

Parsing ecmascript source code failed @ http://localhost:3000/_next/static/chunks/node_modules_next_dist_0u_w_5s._.js:1945
[  274149ms] [ERROR] ./src/app/about/page.tsx:98:19
Expected '</', got 'jsx text'
   96 |                 variant="light"
   97 |                 Explore Our Process
>  98 |             </div>
      |                   ^^^^^^^^^^^^^^^^^^^^^^^^^^^^^^^^^^^^^^^^^^^^^^^^^^^^^^^^^^^^^^^^^^^^^^^^^^^^^^^^^^^^^^^^^^^^^^^^^^^^^^^^^^^^^
>  99 |           </div>
      | ^^^^^^^^^^
  100 |         </Container>
  101 |       </Section>
  102 |

Parsing ecmascript source code failed @ http://localhost:3000/_next/static/chunks/node_modules_next_dist_0u_w_5s._.js:1945
[  274456ms] [ERROR] ./src/app/services/page.tsx:67:17
Expected '</', got 'jsx text'
  65 |               variant="light"
  66 |               Compare Services
> 67 |           </div>
     |                 ^^^^^^^^^^^^^^^^^^^^^^^^^^^^^^^^^^^^^^^^^^^^^^^^^^^^^^^^^^^^^^^^^^^^^^^^^^^^^^^^^^^^^^^^^^^^^^^^^^^^^^^^^^^^^^^^
> 68 |         </Container>
     | ^^^^^^^^
  69 |       </Section>
  70 |
  71 |       {/* Service Cards */}

Parsing ecmascript source code failed @ http://localhost:3000/_next/static/chunks/node_modules_next_dist_0u_w_5s._.js:1945
[  274458ms] [ERROR] ./src/app/portfolio/page.tsx:135:19
Expected '</', got 'ident'
  133 |                 </LinkButton>
  134 |               </Card>
> 135 |                   variant="light"
      |                   ^^^^^^^
  136 |             ))}
  137 |         </Container>
  138 |       </Section>

Parsing ecmascript source code failed @ http://localhost:3000/_next/static/chunks/node_modules_next_dist_0u_w_5s._.js:1945
[  274458ms] [ERROR] ./src/app/about/page.tsx:98:19
Expected '</', got 'jsx text'
   96 |                 variant="light"
   97 |                 Explore Our Process
>  98 |             </div>
      |                   ^^^^^^^^^^^^^^^^^^^^^^^^^^^^^^^^^^^^^^^^^^^^^^^^^^^^^^^^^^^^^^^^^^^^^^^^^^^^^^^^^^^^^^^^^^^^^^^^^^^^^^^^^^^^^
>  99 |           </div>
      | ^^^^^^^^^^
  100 |         </Container>
  101 |       </Section>
  102 |

Parsing ecmascript source code failed @ http://localhost:3000/_next/static/chunks/node_modules_next_dist_0u_w_5s._.js:1945
[  274519ms] [LOG] [Fast Refresh] rebuilding @ http://localhost:3000/_next/static/chunks/node_modules_next_dist_0u_w_5s._.js:1226
[  281205ms] [ERROR] ./src/app/services/page.tsx:67:17
Expected '</', got 'jsx text'
  65 |               variant="light"
  66 |               Compare Services
> 67 |           </div>
     |                 ^^^^^^^^^^^^^^^^^^^^^^^^^^^^^^^^^^^^^^^^^^^^^^^^^^^^^^^^^^^^^^^^^^^^^^^^^^^^^^^^^^^^^^^^^^^^^^^^^^^^^^^^^^^^^^^^
> 68 |         </Container>
     | ^^^^^^^^
  69 |       </Section>
  70 |
  71 |       {/* Service Cards */}

Parsing ecmascript source code failed @ http://localhost:3000/_next/static/chunks/node_modules_next_dist_0u_w_5s._.js:1945
[  281208ms] [ERROR] ./src/app/portfolio/page.tsx:135:19
Expected '</', got 'ident'
  133 |                 </LinkButton>
  134 |               </Card>
> 135 |                   variant="light"
      |                   ^^^^^^^
  136 |             ))}
  137 |         </Container>
  138 |       </Section>

Parsing ecmascript source code failed @ http://localhost:3000/_next/static/chunks/node_modules_next_dist_0u_w_5s._.js:1945
[  281209ms] [ERROR] ./src/app/about/page.tsx:98:19
Expected '</', got 'jsx text'
   96 |                 variant="light"
   97 |                 Explore Our Process
>  98 |             </div>
      |                   ^^^^^^^^^^^^^^^^^^^^^^^^^^^^^^^^^^^^^^^^^^^^^^^^^^^^^^^^^^^^^^^^^^^^^^^^^^^^^^^^^^^^^^^^^^^^^^^^^^^^^^^^^^^^^
>  99 |           </div>
      | ^^^^^^^^^^
  100 |         </Container>
  101 |       </Section>
  102 |

Parsing ecmascript source code failed @ http://localhost:3000/_next/static/chunks/node_modules_next_dist_0u_w_5s._.js:1945
[  281258ms] [LOG] [Fast Refresh] rebuilding @ http://localhost:3000/_next/static/chunks/node_modules_next_dist_0u_w_5s._.js:1226
[  282657ms] [ERROR] ./src/app/services/page.tsx:67:17
Expected '</', got 'jsx text'
  65 |               variant="light"
  66 |               Compare Services
> 67 |           </div>
     |                 ^^^^^^^^^^^^^^^^^^^^^^^^^^^^^^^^^^^^^^^^^^^^^^^^^^^^^^^^^^^^^^^^^^^^^^^^^^^^^^^^^^^^^^^^^^^^^^^^^^^^^^^^^^^^^^^^
> 68 |         </Container>
     | ^^^^^^^^
  69 |       </Section>
  70 |
  71 |       {/* Service Cards */}

Parsing ecmascript source code failed @ http://localhost:3000/_next/static/chunks/node_modules_next_dist_0u_w_5s._.js:1945
[  282657ms] [ERROR] ./src/app/portfolio/page.tsx:135:19
Expected '</', got 'ident'
  133 |                 </LinkButton>
  134 |               </Card>
> 135 |                   variant="light"
      |                   ^^^^^^^
  136 |             ))}
  137 |         </Container>
  138 |       </Section>

Parsing ecmascript source code failed @ http://localhost:3000/_next/static/chunks/node_modules_next_dist_0u_w_5s._.js:1945
[  282658ms] [ERROR] ./src/app/about/page.tsx:98:19
Expected '</', got 'jsx text'
   96 |                 variant="light"
   97 |                 Explore Our Process
>  98 |             </div>
      |                   ^^^^^^^^^^^^^^^^^^^^^^^^^^^^^^^^^^^^^^^^^^^^^^^^^^^^^^^^^^^^^^^^^^^^^^^^^^^^^^^^^^^^^^^^^^^^^^^^^^^^^^^^^^^^^
>  99 |           </div>
      | ^^^^^^^^^^
  100 |         </Container>
  101 |       </Section>
  102 |

Parsing ecmascript source code failed @ http://localhost:3000/_next/static/chunks/node_modules_next_dist_0u_w_5s._.js:1945
[  282673ms] [ERROR] ./src/app/services/page.tsx:67:17
Expected '</', got 'jsx text'
  65 |               variant="light"
  66 |               Compare Services
> 67 |           </div>
     |                 ^^^^^^^^^^^^^^^^^^^^^^^^^^^^^^^^^^^^^^^^^^^^^^^^^^^^^^^^^^^^^^^^^^^^^^^^^^^^^^^^^^^^^^^^^^^^^^^^^^^^^^^^^^^^^^^^
> 68 |         </Container>
     | ^^^^^^^^
  69 |       </Section>
  70 |
  71 |       {/* Service Cards */}

Parsing ecmascript source code failed @ http://localhost:3000/_next/static/chunks/node_modules_next_dist_0u_w_5s._.js:1945
[  282673ms] [ERROR] ./src/app/portfolio/page.tsx:135:19
Expected '</', got 'ident'
  133 |                 </LinkButton>
  134 |               </Card>
> 135 |                   variant="light"
      |                   ^^^^^^^
  136 |             ))}
  137 |         </Container>
  138 |       </Section>

Parsing ecmascript source code failed @ http://localhost:3000/_next/static/chunks/node_modules_next_dist_0u_w_5s._.js:1945
[  282674ms] [ERROR] ./src/app/about/page.tsx:98:19
Expected '</', got 'jsx text'
   96 |                 variant="light"
   97 |                 Explore Our Process
>  98 |             </div>
      |                   ^^^^^^^^^^^^^^^^^^^^^^^^^^^^^^^^^^^^^^^^^^^^^^^^^^^^^^^^^^^^^^^^^^^^^^^^^^^^^^^^^^^^^^^^^^^^^^^^^^^^^^^^^^^^^
>  99 |           </div>
      | ^^^^^^^^^^
  100 |         </Container>
  101 |       </Section>
  102 |

Parsing ecmascript source code failed @ http://localhost:3000/_next/static/chunks/node_modules_next_dist_0u_w_5s._.js:1945
[  282763ms] [LOG] [Fast Refresh] rebuilding @ http://localhost:3000/_next/static/chunks/node_modules_next_dist_0u_w_5s._.js:1226
[  282893ms] [ERROR] ./src/app/services/page.tsx:67:17
Expected '</', got 'jsx text'
  65 |               variant="light"
  66 |               Compare Services
> 67 |           </div>
     |                 ^^^^^^^^^^^^^^^^^^^^^^^^^^^^^^^^^^^^^^^^^^^^^^^^^^^^^^^^^^^^^^^^^^^^^^^^^^^^^^^^^^^^^^^^^^^^^^^^^^^^^^^^^^^^^^^^
> 68 |         </Container>
     | ^^^^^^^^
  69 |       </Section>
  70 |
  71 |       {/* Service Cards */}

Parsing ecmascript source code failed @ http://localhost:3000/_next/static/chunks/node_modules_next_dist_0u_w_5s._.js:1945
[  282894ms] [ERROR] ./src/app/portfolio/page.tsx:135:19
Expected '</', got 'ident'
  133 |                 </LinkButton>
  134 |               </Card>
> 135 |                   variant="light"
      |                   ^^^^^^^
  136 |             ))}
  137 |         </Container>
  138 |       </Section>

Parsing ecmascript source code failed @ http://localhost:3000/_next/static/chunks/node_modules_next_dist_0u_w_5s._.js:1945
[  282895ms] [ERROR] ./src/app/about/page.tsx:98:19
Expected '</', got 'jsx text'
   96 |                 variant="light"
   97 |                 Explore Our Process
>  98 |             </div>
      |                   ^^^^^^^^^^^^^^^^^^^^^^^^^^^^^^^^^^^^^^^^^^^^^^^^^^^^^^^^^^^^^^^^^^^^^^^^^^^^^^^^^^^^^^^^^^^^^^^^^^^^^^^^^^^^^
>  99 |           </div>
      | ^^^^^^^^^^
  100 |         </Container>
  101 |       </Section>
  102 |

Parsing ecmascript source code failed @ http://localhost:3000/_next/static/chunks/node_modules_next_dist_0u_w_5s._.js:1945
[  282954ms] [LOG] [Fast Refresh] rebuilding @ http://localhost:3000/_next/static/chunks/node_modules_next_dist_0u_w_5s._.js:1226
[  484386ms] [LOG] [Fast Refresh] rebuilding @ http://localhost:3000/_next/static/chunks/node_modules_next_dist_0u_w_5s._.js:1226
[  485514ms] [LOG] [Fast Refresh] done in 1202ms @ http://localhost:3000/_next/static/chunks/node_modules_next_dist_0u_w_5s._.js:1226
[  485771ms] [LOG] [Fast Refresh] rebuilding @ http://localhost:3000/_next/static/chunks/node_modules_next_dist_0u_w_5s._.js:1226
[  488108ms] [LOG] [Fast Refresh] done in 2444ms @ http://localhost:3000/_next/static/chunks/node_modules_next_dist_0u_w_5s._.js:1226
[  489483ms] [INFO] %cDownload the React DevTools for a better development experience: https://react.dev/link/react-devtools font-weight:bold @ http://localhost:3000/_next/static/chunks/node_modules_next_dist_115brz8._.js:2431
[  489677ms] [LOG] [HMR] connected @ http://localhost:3000/_next/static/chunks/node_modules_next_dist_115brz8._.js:2431
